2024-12-24 07:49:51,699 - INFO - Initializing CoreDaemon.
2024-12-24 07:49:51,699 - INFO - Database setup complete.
2024-12-24 07:49:51,699 - INFO - Task ExampleTask registered to run at 2024-12-24 07:50:01.699962.
2024-12-24 07:49:51,700 - INFO - CoreDaemon is starting.
2024-12-24 07:49:51,700 - DEBUG - Using selector: EpollSelector
2024-12-24 07:49:51,704 - INFO - [31m[1mWARNING: This is a development server. Do not use it in a production deployment. Use a production WSGI server instead.[0m
 * Running on all addresses (0.0.0.0)
 * Running on http://127.0.0.1:5000
 * Running on http://127.0.0.1:5000
2024-12-24 07:49:51,704 - INFO - [33mPress CTRL+C to quit[0m
2024-12-24 07:50:01,710 - INFO - Running task: ExampleTask.
2024-12-24 07:50:01,711 - INFO - Task ExampleTask registered to run at 2024-12-24 07:50:11.699962.
2024-12-24 07:54:18,590 - INFO - Initializing CoreDaemon.
2024-12-24 07:54:18,590 - INFO - Database setup complete.
2024-12-24 07:54:18,590 - INFO - Task ExampleTask registered to run at 2024-12-24 07:54:28.590704.
2024-12-24 07:54:18,590 - INFO - CoreDaemon is starting.
2024-12-24 07:54:18,590 - DEBUG - Using selector: EpollSelector
2024-12-24 07:54:18,594 - INFO - [31m[1mWARNING: This is a development server. Do not use it in a production deployment. Use a production WSGI server instead.[0m
 * Running on all addresses (0.0.0.0)
 * Running on http://127.0.0.1:5000
 * Running on http://127.0.0.1:5000
2024-12-24 07:54:18,594 - INFO - [33mPress CTRL+C to quit[0m
2024-12-24 07:54:28,602 - INFO - Running task: ExampleTask.
2024-12-24 07:54:28,602 - INFO - Task ExampleTask registered to run at 2024-12-24 07:54:38.590704.
2024-12-24 07:54:28,703 - INFO - Executing example task.
2024-12-24 07:54:38,613 - INFO - Running task: ExampleTask.
2024-12-24 07:54:38,614 - INFO - Task ExampleTask registered to run at 2024-12-24 07:54:48.590704.
2024-12-24 07:54:38,714 - INFO - Executing example task.
2024-12-24 07:54:48,624 - INFO - Running task: ExampleTask.
2024-12-24 07:54:48,624 - INFO - Task ExampleTask registered to run at 2024-12-24 07:54:58.590704.
2024-12-24 07:54:48,725 - INFO - Executing example task.
2024-12-24 07:54:58,635 - INFO - Running task: ExampleTask.
2024-12-24 07:54:58,635 - INFO - Task ExampleTask registered to run at 2024-12-24 07:55:08.590704.
2024-12-24 07:54:58,736 - INFO - Executing example task.
2024-12-24 07:55:08,646 - INFO - Running task: ExampleTask.
2024-12-24 07:55:08,646 - INFO - Task ExampleTask registered to run at 2024-12-24 07:55:18.590704.
2024-12-24 07:55:08,747 - INFO - Executing example task.
2024-12-24 07:55:18,657 - INFO - Running task: ExampleTask.
2024-12-24 07:55:18,658 - INFO - Task ExampleTask registered to run at 2024-12-24 07:55:28.590704.
2024-12-24 07:55:18,758 - INFO - Executing example task.
2024-12-24 07:55:28,668 - INFO - Running task: ExampleTask.
2024-12-24 07:55:28,668 - INFO - Task ExampleTask registered to run at 2024-12-24 07:55:38.590704.
2024-12-24 07:55:28,769 - INFO - Executing example task.
2024-12-24 07:55:38,680 - INFO - Running task: ExampleTask.
2024-12-24 07:55:38,680 - INFO - Task ExampleTask registered to run at 2024-12-24 07:55:48.590704.
2024-12-24 07:55:38,781 - INFO - Executing example task.
2024-12-24 07:55:48,691 - INFO - Running task: ExampleTask.
2024-12-24 07:55:48,692 - INFO - Task ExampleTask registered to run at 2024-12-24 07:55:58.590704.
2024-12-24 07:55:48,792 - INFO - Executing example task.
2024-12-24 07:55:58,702 - INFO - Running task: ExampleTask.
2024-12-24 07:55:58,702 - INFO - Task ExampleTask registered to run at 2024-12-24 07:56:08.590704.
2024-12-24 07:55:58,802 - INFO - Executing example task.
2024-12-24 07:56:08,712 - INFO - Running task: ExampleTask.
2024-12-24 07:56:08,712 - INFO - Task ExampleTask registered to run at 2024-12-24 07:56:18.590704.
2024-12-24 07:56:08,813 - INFO - Executing example task.
2024-12-24 07:56:18,723 - INFO - Running task: ExampleTask.
2024-12-24 07:56:18,723 - INFO - Task ExampleTask registered to run at 2024-12-24 07:56:28.590704.
2024-12-24 07:56:18,823 - INFO - Executing example task.
2024-12-24 07:56:28,733 - INFO - Running task: ExampleTask.
2024-12-24 07:56:28,733 - INFO - Task ExampleTask registered to run at 2024-12-24 07:56:38.590704.
2024-12-24 07:56:28,834 - INFO - Executing example task.
2024-12-24 07:56:38,744 - INFO - Running task: ExampleTask.
2024-12-24 07:56:38,745 - INFO - Task ExampleTask registered to run at 2024-12-24 07:56:48.590704.
2024-12-24 07:56:38,846 - INFO - Executing example task.
2024-12-24 07:56:48,755 - INFO - Running task: ExampleTask.
2024-12-24 07:56:48,756 - INFO - Task ExampleTask registered to run at 2024-12-24 07:56:58.590704.
2024-12-24 07:56:48,857 - INFO - Executing example task.
2024-12-24 07:56:58,768 - INFO - Running task: ExampleTask.
2024-12-24 07:56:58,768 - INFO - Task ExampleTask registered to run at 2024-12-24 07:57:08.590704.
2024-12-24 07:56:58,869 - INFO - Executing example task.
2024-12-24 07:57:08,779 - INFO - Running task: ExampleTask.
2024-12-24 07:57:08,779 - INFO - Task ExampleTask registered to run at 2024-12-24 07:57:18.590704.
2024-12-24 07:57:08,880 - INFO - Executing example task.
2024-12-24 07:57:18,790 - INFO - Running task: ExampleTask.
2024-12-24 07:57:18,791 - INFO - Task ExampleTask registered to run at 2024-12-24 07:57:28.590704.
2024-12-24 07:57:18,891 - INFO - Executing example task.
2024-12-24 07:57:28,801 - INFO - Running task: ExampleTask.
2024-12-24 07:57:28,801 - INFO - Task ExampleTask registered to run at 2024-12-24 07:57:38.590704.
2024-12-24 07:57:28,902 - INFO - Executing example task.
2024-12-24 07:57:38,812 - INFO - Running task: ExampleTask.
2024-12-24 07:57:38,812 - INFO - Task ExampleTask registered to run at 2024-12-24 07:57:48.590704.
2024-12-24 07:57:38,912 - INFO - Executing example task.
2024-12-24 07:58:05,000 - INFO - Initializing CoreDaemon.
2024-12-24 07:58:05,000 - INFO - Initializing CoreDaemon.
2024-12-24 07:58:05,000 - INFO - Initializing CoreDaemon.
2024-12-24 07:58:05,000 - INFO - Database setup complete.
2024-12-24 07:58:05,000 - INFO - Database setup complete.
2024-12-24 07:58:05,000 - INFO - Database setup complete.
2024-12-24 07:58:05,000 - INFO - Task ExampleTask registered to run at 2024-12-24 07:58:15.000862.
2024-12-24 07:58:05,000 - INFO - Task ExampleTask registered to run at 2024-12-24 07:58:15.000862.
2024-12-24 07:58:05,000 - INFO - Task ExampleTask registered to run at 2024-12-24 07:58:15.000873.
2024-12-24 07:58:05,002 - INFO - Initializing CoreDaemon.
2024-12-24 07:58:05,003 - INFO - Database setup complete.
2024-12-24 07:58:05,003 - INFO - Task ExampleTask registered to run at 2024-12-24 07:58:15.003232.
